[2023-07-10T18:45:44.658+0000] {taskinstance.py:1103} INFO - Dependencies all met for dep_context=non-requeueable deps ti=<TaskInstance: coin_api_dag.create_table manual__2023-07-10T18:45:43.346703+00:00 [queued]>
[2023-07-10T18:45:44.678+0000] {taskinstance.py:1103} INFO - Dependencies all met for dep_context=requeueable deps ti=<TaskInstance: coin_api_dag.create_table manual__2023-07-10T18:45:43.346703+00:00 [queued]>
[2023-07-10T18:45:44.679+0000] {taskinstance.py:1308} INFO - Starting attempt 1 of 1
[2023-07-10T18:45:44.704+0000] {taskinstance.py:1327} INFO - Executing <Task(SQLExecuteQueryOperator): create_table> on 2023-07-10 18:45:43.346703+00:00
[2023-07-10T18:45:44.711+0000] {standard_task_runner.py:57} INFO - Started process 760 to run task
[2023-07-10T18:45:44.720+0000] {standard_task_runner.py:84} INFO - Running: ['***', 'tasks', 'run', 'coin_api_dag', 'create_table', 'manual__2023-07-10T18:45:43.346703+00:00', '--job-id', '27', '--raw', '--subdir', 'DAGS_FOLDER/coin_api.py', '--cfg-path', '/tmp/tmp1asfhvlb']
[2023-07-10T18:45:44.725+0000] {standard_task_runner.py:85} INFO - Job 27: Subtask create_table
[2023-07-10T18:45:44.819+0000] {task_command.py:410} INFO - Running <TaskInstance: coin_api_dag.create_table manual__2023-07-10T18:45:43.346703+00:00 [running]> on host 123bc44f0e2f
[2023-07-10T18:45:44.983+0000] {taskinstance.py:1547} INFO - Exporting env vars: AIRFLOW_CTX_DAG_OWNER='nahuelCasa' AIRFLOW_CTX_DAG_ID='coin_api_dag' AIRFLOW_CTX_TASK_ID='create_table' AIRFLOW_CTX_EXECUTION_DATE='2023-07-10T18:45:43.346703+00:00' AIRFLOW_CTX_TRY_NUMBER='1' AIRFLOW_CTX_DAG_RUN_ID='manual__2023-07-10T18:45:43.346703+00:00'
[2023-07-10T18:45:44.983+0000] {sql.py:265} INFO - Executing: 
    CREATE TABLE IF NOT EXISTS nahuelcasagrande_coderhouse.coinrank (
        id INT IDENTITY(1,1) PRIMARY KEY,
        timestamp TIMESTAMP,
        uuid VARCHAR, symbol VARCHAR, name VARCHAR, color VARCHAR, iconUrl VARCHAR, marketCap VARCHAR, price VARCHAR, listedAt VARCHAR, tier VARCHAR, change VARCHAR, rank VARCHAR, transactionFee VARCHAR
    ) DISTKEY(id) SORTKEY(symbol);
[2023-07-10T18:45:45.001+0000] {base.py:73} INFO - Using connection ID 'redshift_default' for task execution.
[2023-07-10T18:45:45.231+0000] {base.py:73} INFO - Using connection ID 'redshift_default' for task execution.
[2023-07-10T18:45:47.022+0000] {sql.py:375} INFO - Running statement: 
    CREATE TABLE IF NOT EXISTS nahuelcasagrande_coderhouse.coinrank (
        id INT IDENTITY(1,1) PRIMARY KEY,
        timestamp TIMESTAMP,
        uuid VARCHAR, symbol VARCHAR, name VARCHAR, color VARCHAR, iconUrl VARCHAR, marketCap VARCHAR, price VARCHAR, listedAt VARCHAR, tier VARCHAR, change VARCHAR, rank VARCHAR, transactionFee VARCHAR
    ) DISTKEY(id) SORTKEY(symbol);, parameters: None
[2023-07-10T18:45:48.311+0000] {taskinstance.py:1350} INFO - Marking task as SUCCESS. dag_id=coin_api_dag, task_id=create_table, execution_date=20230710T184543, start_date=20230710T184544, end_date=20230710T184548
[2023-07-10T18:45:48.379+0000] {local_task_job_runner.py:225} INFO - Task exited with return code 0
[2023-07-10T18:45:48.425+0000] {taskinstance.py:2653} INFO - 1 downstream tasks scheduled from follow-on schedule check
