[2023-07-10T18:39:09.213+0000] {taskinstance.py:1103} INFO - Dependencies all met for dep_context=non-requeueable deps ti=<TaskInstance: coin_api_dag.create_table manual__2023-07-10T18:39:07.419944+00:00 [queued]>
[2023-07-10T18:39:09.229+0000] {taskinstance.py:1103} INFO - Dependencies all met for dep_context=requeueable deps ti=<TaskInstance: coin_api_dag.create_table manual__2023-07-10T18:39:07.419944+00:00 [queued]>
[2023-07-10T18:39:09.229+0000] {taskinstance.py:1308} INFO - Starting attempt 1 of 1
[2023-07-10T18:39:09.251+0000] {taskinstance.py:1327} INFO - Executing <Task(SQLExecuteQueryOperator): create_table> on 2023-07-10 18:39:07.419944+00:00
[2023-07-10T18:39:09.259+0000] {standard_task_runner.py:57} INFO - Started process 440 to run task
[2023-07-10T18:39:09.270+0000] {standard_task_runner.py:84} INFO - Running: ['***', 'tasks', 'run', 'coin_api_dag', 'create_table', 'manual__2023-07-10T18:39:07.419944+00:00', '--job-id', '24', '--raw', '--subdir', 'DAGS_FOLDER/coin_api.py', '--cfg-path', '/tmp/tmp31oir0zx']
[2023-07-10T18:39:09.280+0000] {standard_task_runner.py:85} INFO - Job 24: Subtask create_table
[2023-07-10T18:39:09.410+0000] {task_command.py:410} INFO - Running <TaskInstance: coin_api_dag.create_table manual__2023-07-10T18:39:07.419944+00:00 [running]> on host 123bc44f0e2f
[2023-07-10T18:39:09.576+0000] {taskinstance.py:1547} INFO - Exporting env vars: AIRFLOW_CTX_DAG_OWNER='nahuelCasa' AIRFLOW_CTX_DAG_ID='coin_api_dag' AIRFLOW_CTX_TASK_ID='create_table' AIRFLOW_CTX_EXECUTION_DATE='2023-07-10T18:39:07.419944+00:00' AIRFLOW_CTX_TRY_NUMBER='1' AIRFLOW_CTX_DAG_RUN_ID='manual__2023-07-10T18:39:07.419944+00:00'
[2023-07-10T18:39:09.577+0000] {sql.py:265} INFO - Executing: 
    CREATE TABLE IF NOT EXISTS nahuelcasagrande_coderhouse.coinrank (
        id INT IDENTITY(1,1) PRIMARY KEY,
        timestamp TIMESTAMP,
        uuid VARCHAR, symbol VARCHAR, name VARCHAR, color VARCHAR, iconUrl VARCHAR, marketCap VARCHAR, price VARCHAR, listedAt VARCHAR, tier VARCHAR, change VARCHAR, rank VARCHAR, transactionFee VARCHAR
    ) DISTKEY(id) SORTKEY(symbol);
[2023-07-10T18:39:09.600+0000] {base.py:73} INFO - Using connection ID 'redshift_default' for task execution.
[2023-07-10T18:39:09.899+0000] {base.py:73} INFO - Using connection ID 'redshift_default' for task execution.
[2023-07-10T18:39:11.257+0000] {sql.py:375} INFO - Running statement: 
    CREATE TABLE IF NOT EXISTS nahuelcasagrande_coderhouse.coinrank (
        id INT IDENTITY(1,1) PRIMARY KEY,
        timestamp TIMESTAMP,
        uuid VARCHAR, symbol VARCHAR, name VARCHAR, color VARCHAR, iconUrl VARCHAR, marketCap VARCHAR, price VARCHAR, listedAt VARCHAR, tier VARCHAR, change VARCHAR, rank VARCHAR, transactionFee VARCHAR
    ) DISTKEY(id) SORTKEY(symbol);, parameters: None
[2023-07-10T18:39:12.488+0000] {taskinstance.py:1350} INFO - Marking task as SUCCESS. dag_id=coin_api_dag, task_id=create_table, execution_date=20230710T183907, start_date=20230710T183909, end_date=20230710T183912
[2023-07-10T18:39:12.566+0000] {local_task_job_runner.py:225} INFO - Task exited with return code 0
[2023-07-10T18:39:12.618+0000] {taskinstance.py:2653} INFO - 1 downstream tasks scheduled from follow-on schedule check
