[2023-07-10T18:39:01.908+0000] {taskinstance.py:1103} INFO - Dependencies all met for dep_context=non-requeueable deps ti=<TaskInstance: coin_api_dag.create_table scheduled__2023-07-09T00:00:00+00:00 [queued]>
[2023-07-10T18:39:01.921+0000] {taskinstance.py:1103} INFO - Dependencies all met for dep_context=requeueable deps ti=<TaskInstance: coin_api_dag.create_table scheduled__2023-07-09T00:00:00+00:00 [queued]>
[2023-07-10T18:39:01.922+0000] {taskinstance.py:1308} INFO - Starting attempt 1 of 1
[2023-07-10T18:39:01.944+0000] {taskinstance.py:1327} INFO - Executing <Task(SQLExecuteQueryOperator): create_table> on 2023-07-09 00:00:00+00:00
[2023-07-10T18:39:01.951+0000] {standard_task_runner.py:57} INFO - Started process 437 to run task
[2023-07-10T18:39:01.955+0000] {standard_task_runner.py:84} INFO - Running: ['***', 'tasks', 'run', 'coin_api_dag', 'create_table', 'scheduled__2023-07-09T00:00:00+00:00', '--job-id', '23', '--raw', '--subdir', 'DAGS_FOLDER/coin_api.py', '--cfg-path', '/tmp/tmpp5jbt26m']
[2023-07-10T18:39:01.958+0000] {standard_task_runner.py:85} INFO - Job 23: Subtask create_table
[2023-07-10T18:39:02.043+0000] {task_command.py:410} INFO - Running <TaskInstance: coin_api_dag.create_table scheduled__2023-07-09T00:00:00+00:00 [running]> on host 123bc44f0e2f
[2023-07-10T18:39:02.223+0000] {taskinstance.py:1547} INFO - Exporting env vars: AIRFLOW_CTX_DAG_OWNER='nahuelCasa' AIRFLOW_CTX_DAG_ID='coin_api_dag' AIRFLOW_CTX_TASK_ID='create_table' AIRFLOW_CTX_EXECUTION_DATE='2023-07-09T00:00:00+00:00' AIRFLOW_CTX_TRY_NUMBER='1' AIRFLOW_CTX_DAG_RUN_ID='scheduled__2023-07-09T00:00:00+00:00'
[2023-07-10T18:39:02.224+0000] {sql.py:265} INFO - Executing: 
    CREATE TABLE IF NOT EXISTS nahuelcasagrande_coderhouse.coinrank (
        id INT IDENTITY(1,1) PRIMARY KEY,
        timestamp TIMESTAMP,
        uuid VARCHAR, symbol VARCHAR, name VARCHAR, color VARCHAR, iconUrl VARCHAR, marketCap VARCHAR, price VARCHAR, listedAt VARCHAR, tier VARCHAR, change VARCHAR, rank VARCHAR, transactionFee VARCHAR
    ) DISTKEY(id) SORTKEY(symbol);
[2023-07-10T18:39:02.243+0000] {base.py:73} INFO - Using connection ID 'redshift_default' for task execution.
[2023-07-10T18:39:02.843+0000] {base.py:73} INFO - Using connection ID 'redshift_default' for task execution.
[2023-07-10T18:39:04.343+0000] {sql.py:375} INFO - Running statement: 
    CREATE TABLE IF NOT EXISTS nahuelcasagrande_coderhouse.coinrank (
        id INT IDENTITY(1,1) PRIMARY KEY,
        timestamp TIMESTAMP,
        uuid VARCHAR, symbol VARCHAR, name VARCHAR, color VARCHAR, iconUrl VARCHAR, marketCap VARCHAR, price VARCHAR, listedAt VARCHAR, tier VARCHAR, change VARCHAR, rank VARCHAR, transactionFee VARCHAR
    ) DISTKEY(id) SORTKEY(symbol);, parameters: None
[2023-07-10T18:39:05.576+0000] {taskinstance.py:1350} INFO - Marking task as SUCCESS. dag_id=coin_api_dag, task_id=create_table, execution_date=20230709T000000, start_date=20230710T183901, end_date=20230710T183905
[2023-07-10T18:39:05.623+0000] {local_task_job_runner.py:225} INFO - Task exited with return code 0
[2023-07-10T18:39:05.666+0000] {taskinstance.py:2653} INFO - 1 downstream tasks scheduled from follow-on schedule check
[2023-07-10T18:49:44.224+0000] {taskinstance.py:1103} INFO - Dependencies all met for dep_context=non-requeueable deps ti=<TaskInstance: coin_api_dag.create_table scheduled__2023-07-09T00:00:00+00:00 [queued]>
[2023-07-10T18:49:44.242+0000] {taskinstance.py:1103} INFO - Dependencies all met for dep_context=requeueable deps ti=<TaskInstance: coin_api_dag.create_table scheduled__2023-07-09T00:00:00+00:00 [queued]>
[2023-07-10T18:49:44.243+0000] {taskinstance.py:1308} INFO - Starting attempt 1 of 1
[2023-07-10T18:49:44.266+0000] {taskinstance.py:1327} INFO - Executing <Task(SQLExecuteQueryOperator): create_table> on 2023-07-09 00:00:00+00:00
[2023-07-10T18:49:44.272+0000] {standard_task_runner.py:57} INFO - Started process 944 to run task
[2023-07-10T18:49:44.277+0000] {standard_task_runner.py:84} INFO - Running: ['***', 'tasks', 'run', 'coin_api_dag', 'create_table', 'scheduled__2023-07-09T00:00:00+00:00', '--job-id', '29', '--raw', '--subdir', 'DAGS_FOLDER/coin_api.py', '--cfg-path', '/tmp/tmpkkkmzibn']
[2023-07-10T18:49:44.280+0000] {standard_task_runner.py:85} INFO - Job 29: Subtask create_table
[2023-07-10T18:49:44.381+0000] {task_command.py:410} INFO - Running <TaskInstance: coin_api_dag.create_table scheduled__2023-07-09T00:00:00+00:00 [running]> on host 123bc44f0e2f
[2023-07-10T18:49:44.543+0000] {taskinstance.py:1547} INFO - Exporting env vars: AIRFLOW_CTX_DAG_OWNER='nahuelCasa' AIRFLOW_CTX_DAG_ID='coin_api_dag' AIRFLOW_CTX_TASK_ID='create_table' AIRFLOW_CTX_EXECUTION_DATE='2023-07-09T00:00:00+00:00' AIRFLOW_CTX_TRY_NUMBER='1' AIRFLOW_CTX_DAG_RUN_ID='scheduled__2023-07-09T00:00:00+00:00'
[2023-07-10T18:49:44.546+0000] {sql.py:265} INFO - Executing: 
    CREATE TABLE IF NOT EXISTS nahuelcasagrande_coderhouse.coinrank (
        id INT IDENTITY(1,1) PRIMARY KEY,
        timestamp TIMESTAMP,
        uuid VARCHAR, symbol VARCHAR, name VARCHAR, color VARCHAR, iconUrl VARCHAR, marketCap VARCHAR, price VARCHAR, listedAt VARCHAR, tier VARCHAR, change VARCHAR, rank VARCHAR, transactionFee VARCHAR
    ) DISTKEY(id) SORTKEY(symbol);
[2023-07-10T18:49:44.563+0000] {base.py:73} INFO - Using connection ID 'redshift_default' for task execution.
[2023-07-10T18:49:44.785+0000] {base.py:73} INFO - Using connection ID 'redshift_default' for task execution.
[2023-07-10T18:49:46.349+0000] {sql.py:375} INFO - Running statement: 
    CREATE TABLE IF NOT EXISTS nahuelcasagrande_coderhouse.coinrank (
        id INT IDENTITY(1,1) PRIMARY KEY,
        timestamp TIMESTAMP,
        uuid VARCHAR, symbol VARCHAR, name VARCHAR, color VARCHAR, iconUrl VARCHAR, marketCap VARCHAR, price VARCHAR, listedAt VARCHAR, tier VARCHAR, change VARCHAR, rank VARCHAR, transactionFee VARCHAR
    ) DISTKEY(id) SORTKEY(symbol);, parameters: None
[2023-07-10T18:49:47.631+0000] {taskinstance.py:1350} INFO - Marking task as SUCCESS. dag_id=coin_api_dag, task_id=create_table, execution_date=20230709T000000, start_date=20230710T184944, end_date=20230710T184947
[2023-07-10T18:49:47.702+0000] {local_task_job_runner.py:225} INFO - Task exited with return code 0
[2023-07-10T18:49:47.741+0000] {taskinstance.py:2653} INFO - 1 downstream tasks scheduled from follow-on schedule check
[2023-07-10T18:55:29.333+0000] {taskinstance.py:1103} INFO - Dependencies all met for dep_context=non-requeueable deps ti=<TaskInstance: coin_api_dag.create_table scheduled__2023-07-09T00:00:00+00:00 [queued]>
[2023-07-10T18:55:29.349+0000] {taskinstance.py:1103} INFO - Dependencies all met for dep_context=requeueable deps ti=<TaskInstance: coin_api_dag.create_table scheduled__2023-07-09T00:00:00+00:00 [queued]>
[2023-07-10T18:55:29.350+0000] {taskinstance.py:1308} INFO - Starting attempt 1 of 1
[2023-07-10T18:55:29.376+0000] {taskinstance.py:1327} INFO - Executing <Task(SQLExecuteQueryOperator): create_table> on 2023-07-09 00:00:00+00:00
[2023-07-10T18:55:29.385+0000] {standard_task_runner.py:57} INFO - Started process 207 to run task
[2023-07-10T18:55:29.391+0000] {standard_task_runner.py:84} INFO - Running: ['***', 'tasks', 'run', 'coin_api_dag', 'create_table', 'scheduled__2023-07-09T00:00:00+00:00', '--job-id', '32', '--raw', '--subdir', 'DAGS_FOLDER/coin_api.py', '--cfg-path', '/tmp/tmpo7s7uu2a']
[2023-07-10T18:55:29.393+0000] {standard_task_runner.py:85} INFO - Job 32: Subtask create_table
[2023-07-10T18:55:29.488+0000] {task_command.py:410} INFO - Running <TaskInstance: coin_api_dag.create_table scheduled__2023-07-09T00:00:00+00:00 [running]> on host 123bc44f0e2f
[2023-07-10T18:55:29.644+0000] {taskinstance.py:1547} INFO - Exporting env vars: AIRFLOW_CTX_DAG_OWNER='nahuelCasa' AIRFLOW_CTX_DAG_ID='coin_api_dag' AIRFLOW_CTX_TASK_ID='create_table' AIRFLOW_CTX_EXECUTION_DATE='2023-07-09T00:00:00+00:00' AIRFLOW_CTX_TRY_NUMBER='1' AIRFLOW_CTX_DAG_RUN_ID='scheduled__2023-07-09T00:00:00+00:00'
[2023-07-10T18:55:29.645+0000] {sql.py:265} INFO - Executing: 
    CREATE TABLE IF NOT EXISTS nahuelcasagrande_coderhouse.coinrank (
        id INT IDENTITY(1,1) PRIMARY KEY,
        timestamp TIMESTAMP,
        uuid VARCHAR, symbol VARCHAR, name VARCHAR, color VARCHAR, iconUrl VARCHAR, marketCap VARCHAR, price VARCHAR, listedAt VARCHAR, tier VARCHAR, change VARCHAR, rank VARCHAR, transactionFee VARCHAR
    ) DISTKEY(id) SORTKEY(symbol);
[2023-07-10T18:55:29.662+0000] {base.py:73} INFO - Using connection ID 'redshift_default' for task execution.
[2023-07-10T18:55:29.962+0000] {base.py:73} INFO - Using connection ID 'redshift_default' for task execution.
[2023-07-10T18:55:31.416+0000] {sql.py:375} INFO - Running statement: 
    CREATE TABLE IF NOT EXISTS nahuelcasagrande_coderhouse.coinrank (
        id INT IDENTITY(1,1) PRIMARY KEY,
        timestamp TIMESTAMP,
        uuid VARCHAR, symbol VARCHAR, name VARCHAR, color VARCHAR, iconUrl VARCHAR, marketCap VARCHAR, price VARCHAR, listedAt VARCHAR, tier VARCHAR, change VARCHAR, rank VARCHAR, transactionFee VARCHAR
    ) DISTKEY(id) SORTKEY(symbol);, parameters: None
[2023-07-10T18:55:32.648+0000] {taskinstance.py:1350} INFO - Marking task as SUCCESS. dag_id=coin_api_dag, task_id=create_table, execution_date=20230709T000000, start_date=20230710T185529, end_date=20230710T185532
[2023-07-10T18:55:32.695+0000] {local_task_job_runner.py:225} INFO - Task exited with return code 0
[2023-07-10T18:55:32.735+0000] {taskinstance.py:2653} INFO - 1 downstream tasks scheduled from follow-on schedule check
